<?xml version="1.0" encoding="UTF-8"?>
<testng-results skipped="0" failed="0" ignored="0" total="2" passed="2">
  <reporter-output>
  </reporter-output>
  <suite name="Default suite" duration-ms="1457" started-at="2023-05-23T14:02:25Z" finished-at="2023-05-23T14:02:26Z">
    <groups>
    </groups>
    <test name="Default test" duration-ms="1457" started-at="2023-05-23T14:02:25Z" finished-at="2023-05-23T14:02:26Z">
      <class name="excelOperations.DataManagementwithDataprovider">
        <test-method status="PASS" signature="f(java.lang.String, java.lang.String, java.lang.String, java.lang.String, java.lang.String)[pri:0, instance:excelOperations.DataManagementwithDataprovider@42e26948]" name="f" duration-ms="24" started-at="2023-05-23T14:02:26Z" data-provider="getData" finished-at="2023-05-23T14:02:26Z">
          <params>
            <param index="0">
              <value>
                <![CDATA[Y]]>
              </value>
            </param>
            <param index="1">
              <value>
                <![CDATA[chrome]]>
              </value>
            </param>
            <param index="2">
              <value>
                <![CDATA[user01]]>
              </value>
            </param>
            <param index="3">
              <value>
                <![CDATA[password01]]>
              </value>
            </param>
            <param index="4">
              <value>
                <![CDATA[LoginSuccuss]]>
              </value>
            </param>
          </params>
          <reporter-output>
          </reporter-output>
        </test-method> <!-- f -->
        <test-method status="PASS" signature="f(java.lang.String, java.lang.String, java.lang.String, java.lang.String, java.lang.String)[pri:0, instance:excelOperations.DataManagementwithDataprovider@42e26948]" name="f" duration-ms="2" started-at="2023-05-23T14:02:26Z" data-provider="getData" finished-at="2023-05-23T14:02:26Z">
          <params>
            <param index="0">
              <value>
                <![CDATA[N]]>
              </value>
            </param>
            <param index="1">
              <value>
                <![CDATA[firefox]]>
              </value>
            </param>
            <param index="2">
              <value>
                <![CDATA[user02]]>
              </value>
            </param>
            <param index="3">
              <value>
                <![CDATA[password02]]>
              </value>
            </param>
            <param index="4">
              <value>
                <![CDATA[LoginSuccuss]]>
              </value>
            </param>
          </params>
          <reporter-output>
          </reporter-output>
        </test-method> <!-- f -->
      </class> <!-- excelOperations.DataManagementwithDataprovider -->
    </test> <!-- Default test -->
  </suite> <!-- Default suite -->
</testng-results>
