<?xml version="1.0" encoding="UTF-8"?>
<!-- Generated by org.testng.reporters.JUnitXMLReporter -->
<testsuite hostname="DESKTOP-JCJ8HOK" ignored="0" name="AutomationTest" tests="4" failures="0" timestamp="28 Apr 2023 13:47:58 GMT" time="44.238" errors="0">
  <testcase name="radioButtonTest" time="0.966" classname="testng.RadioButton1"/>
  <testcase name="checkboxTest" time="0.796" classname="testng.CheckBox1"/>
  <testcase name="amazon" time="6.134" classname="testng.TNG_003"/>
  <testcase name="linktesting1" time="1.483" classname="testng.LinksTesting1"/>
</testsuite> <!-- AutomationTest -->
