<?xml version="1.0" encoding="UTF-8"?>
<!-- Generated by org.testng.reporters.JUnitXMLReporter -->
<testsuite hostname="DESKTOP-JCJ8HOK" ignored="0" name="AutomationTest" tests="4" failures="0" timestamp="27 Apr 2023 14:40:38 GMT" time="39.718" errors="0">
  <testcase name="radioButtonTest" time="0.826" classname="testng.RadioButton1"/>
  <testcase name="checkboxTest" time="0.68" classname="testng.CheckBox1"/>
  <testcase name="amazon" time="6.496" classname="testng.TNG_003"/>
  <testcase name="linktesting1" time="1.429" classname="testng.LinksTesting1"/>
</testsuite> <!-- AutomationTest -->
