<?xml version="1.0" encoding="UTF-8"?>
<!-- Generated by org.testng.reporters.JUnitXMLReporter -->
<testsuite hostname="DESKTOP-JCJ8HOK" ignored="0" name="ChromeTest" tests="4" failures="0" timestamp="28 Apr 2023 14:29:11 GMT" time="37.151" errors="0">
  <testcase name="radioButtonTest" time="0.4" classname="testng.RadioButton1"/>
  <testcase name="checkboxTest" time="0.662" classname="testng.CheckBox1"/>
  <testcase name="amazon" time="5.599" classname="testng.TNG_003"/>
  <testcase name="linktesting1" time="1.624" classname="testng.LinksTesting1"/>
</testsuite> <!-- ChromeTest -->
