<?xml version="1.0" encoding="UTF-8"?>
<!-- Generated by org.testng.reporters.JUnitXMLReporter -->
<testsuite hostname="DESKTOP-JCJ8HOK" ignored="0" name="FirefoxTest" tests="4" failures="0" timestamp="28 Apr 2023 14:30:06 GMT" time="54.973" errors="0">
  <testcase name="radioButtonTest" time="0.317" classname="testng.RadioButton1"/>
  <testcase name="checkboxTest" time="0.332" classname="testng.CheckBox1"/>
  <testcase name="amazon" time="3.399" classname="testng.TNG_003"/>
  <testcase name="linktesting1" time="1.985" classname="testng.LinksTesting1"/>
</testsuite> <!-- FirefoxTest -->
