<?xml version="1.0" encoding="UTF-8"?>
<!-- Generated by org.testng.reporters.JUnitXMLReporter -->
<testsuite hostname="DESKTOP-JCJ8HOK" ignored="1" name="RunTest" tests="3" failures="0" timestamp="27 Apr 2023 14:25:26 GMT" time="0.071" errors="0">
  <testcase name="f" time="0.008" classname="testng.TNG_002"/>
  <testcase name="f" time="0.01" classname="testng.TNG_001"/>
  <testcase name="z" time="0.004" classname="testng.TNG_002"/>
  <testcase name="a" time="0.0" classname="testng.TNG_002">
    <ignored/>
  </testcase> <!-- a -->
</testsuite> <!-- RunTest -->
