<?xml version="1.0" encoding="UTF-8"?>
<!-- Generated by org.testng.reporters.JUnitXMLReporter -->
<testsuite hostname="DESKTOP-JCJ8HOK" ignored="2" name="Create Booking Test" tests="6" failures="0" timestamp="03 May 2023 14:11:50 GMT" time="0.112" errors="0">
  <testcase name="createBooking" time="0.016" classname="testcases.BookingManagement"/>
  <testcase name="GuestInfo" time="0.003" classname="testcases.BookingManagement"/>
  <testcase name="applyDiscount" time="0.005" classname="testcases.PaymentManagement"/>
  <testcase name="makePayment" time="0.005" classname="testcases.PaymentManagement"/>
  <testcase name="checkMail" time="0.002" classname="testcases.CustomerManagement"/>
  <testcase name="checkMobile" time="0.004" classname="testcases.CustomerManagement"/>
  <testcase name="modifyBooking" time="0.0" classname="testcases.BookingManagement">
    <ignored/>
  </testcase> <!-- modifyBooking -->
  <testcase name="cancelBooking" time="0.0" classname="testcases.BookingManagement">
    <ignored/>
  </testcase> <!-- cancelBooking -->
</testsuite> <!-- Create Booking Test -->
