<?xml version="1.0" encoding="UTF-8"?>
<!-- Generated by org.testng.reporters.JUnitXMLReporter -->
<testsuite hostname="DESKTOP-JCJ8HOK" ignored="3" name="Create New Booking Test - pay@online" tests="6" failures="0" timestamp="03 May 2023 14:30:34 GMT" time="0.041" errors="0">
  <testcase name="modifyBooking" time="0.003" classname="testcases.BookingManagement"/>
  <testcase name="GuestInfo" time="0.003" classname="testcases.BookingManagement"/>
  <testcase name="applyDiscount" time="0.003" classname="testcases.PaymentManagement"/>
  <testcase name="makePayment" time="0.003" classname="testcases.PaymentManagement"/>
  <testcase name="checkMail" time="0.001" classname="testcases.CustomerManagement"/>
  <testcase name="checkMobile" time="0.002" classname="testcases.CustomerManagement"/>
  <testcase name="cancelBooking" time="0.0" classname="testcases.BookingManagement">
    <ignored/>
  </testcase> <!-- cancelBooking -->
  <testcase name="roomType" time="0.0" classname="testcases.BookingManagement">
    <ignored/>
  </testcase> <!-- roomType -->
  <testcase name="createBooking" time="0.0" classname="testcases.BookingManagement">
    <ignored/>
  </testcase> <!-- createBooking -->
</testsuite> <!-- Create New Booking Test - pay@online -->
