<?xml version="1.0" encoding="UTF-8"?>
<!-- Generated by org.testng.reporters.JUnitXMLReporter -->
<testsuite hostname="DESKTOP-JCJ8HOK" ignored="3" name="Create New Booking Test - pay@hotel" tests="6" failures="0" timestamp="03 May 2023 14:35:40 GMT" time="0.107" errors="0">
  <testcase name="createBooking" time="0.017" classname="testcases.BookingManagement"/>
  <testcase name="GuestInfo" time="0.002" classname="testcases.BookingManagement"/>
  <testcase name="applyDiscount" time="0.003" classname="testcases.PaymentManagement"/>
  <testcase name="makePayment" time="0.003" classname="testcases.PaymentManagement"/>
  <testcase name="checkMail" time="0.004" classname="testcases.CustomerManagement"/>
  <testcase name="checkMobile" time="0.002" classname="testcases.CustomerManagement"/>
  <testcase name="modifyBooking" time="0.0" classname="testcases.BookingManagement">
    <ignored/>
  </testcase> <!-- modifyBooking -->
  <testcase name="cancelBooking" time="0.0" classname="testcases.BookingManagement">
    <ignored/>
  </testcase> <!-- cancelBooking -->
  <testcase name="roomType" time="0.0" classname="testcases.BookingManagement">
    <ignored/>
  </testcase> <!-- roomType -->
</testsuite> <!-- Create New Booking Test - pay@hotel -->
