<?xml version="1.0" encoding="UTF-8"?>
<!-- Generated by org.testng.reporters.JUnitXMLReporter -->
<testsuite hostname="DESKTOP-JCJ8HOK" ignored="3" name="Modify Booking Test" tests="6" failures="0" timestamp="03 May 2023 14:14:06 GMT" time="0.054" errors="0">
  <testcase name="modifyBooking" time="0.002" classname="testcases.BookingManagement"/>
  <testcase name="GuestInfo" time="0.002" classname="testcases.BookingManagement"/>
  <testcase name="applyDiscount" time="0.006" classname="testcases.PaymentManagement"/>
  <testcase name="makePayment" time="0.005" classname="testcases.PaymentManagement"/>
  <testcase name="checkMail" time="0.002" classname="testcases.CustomerManagement"/>
  <testcase name="checkMobile" time="0.006" classname="testcases.CustomerManagement"/>
  <testcase name="cancelBooking" time="0.0" classname="testcases.BookingManagement">
    <ignored/>
  </testcase> <!-- cancelBooking -->
  <testcase name="roomType" time="0.0" classname="testcases.BookingManagement">
    <ignored/>
  </testcase> <!-- roomType -->
  <testcase name="createBooking" time="0.0" classname="testcases.BookingManagement">
    <ignored/>
  </testcase> <!-- createBooking -->
</testsuite> <!-- Modify Booking Test -->
