<?xml version="1.0" encoding="UTF-8"?>
<!-- Generated by org.testng.reporters.JUnitXMLReporter -->
<testsuite hostname="DESKTOP-JCJ8HOK" ignored="0" name="Test" tests="8" failures="0" timestamp="03 May 2023 14:08:11 GMT" time="0.225" errors="0">
  <testcase name="GuestInfo" time="0.017" classname="testcases.BookingManagement"/>
  <testcase name="cancelBooking" time="0.012" classname="testcases.BookingManagement"/>
  <testcase name="createBooking" time="0.01" classname="testcases.BookingManagement"/>
  <testcase name="modifyBooking" time="0.009" classname="testcases.BookingManagement"/>
  <testcase name="applyDiscount" time="0.006" classname="testcases.PaymentManagement"/>
  <testcase name="makePayment" time="0.004" classname="testcases.PaymentManagement"/>
  <testcase name="checkMail" time="0.005" classname="testcases.CustomerManagement"/>
  <testcase name="checkMobile" time="0.002" classname="testcases.CustomerManagement"/>
</testsuite> <!-- Test -->
