<?xml version="1.0" encoding="UTF-8"?>
<testng-results skipped="0" failed="0" ignored="3" total="9" passed="6">
  <reporter-output>
  </reporter-output>
  <suite name="Bookingsuite" duration-ms="158" started-at="2023-05-17T14:15:26Z" finished-at="2023-05-17T14:15:26Z">
    <groups>
    </groups>
    <test name="Create New Booking Test - pay@hotel" duration-ms="158" started-at="2023-05-17T14:15:26Z" finished-at="2023-05-17T14:15:26Z">
      <class name="testcases.PaymentManagement">
        <test-method status="PASS" signature="applyDiscount()[pri:0, instance:testcases.PaymentManagement@71bc1ae4]" name="applyDiscount" duration-ms="1" started-at="2023-05-17T14:15:26Z" finished-at="2023-05-17T14:15:26Z">
          <reporter-output>
          </reporter-output>
        </test-method> <!-- applyDiscount -->
        <test-method status="PASS" signature="makePayment(java.lang.String, org.testng.ITestContext)[pri:0, instance:testcases.PaymentManagement@71bc1ae4]" name="makePayment" duration-ms="5" started-at="2023-05-17T14:15:26Z" finished-at="2023-05-17T14:15:26Z">
          <params>
            <param index="0">
              <value>
                <![CDATA[pay@hotel]]>
              </value>
            </param>
            <param index="1">
              <value>
                <![CDATA[org.testng.TestRunner@6833ce2c]]>
              </value>
            </param>
          </params>
          <reporter-output>
          </reporter-output>
        </test-method> <!-- makePayment -->
      </class> <!-- testcases.PaymentManagement -->
      <class name="testcases.BookingManagement">
        <test-method status="PASS" signature="GuestInfo()[pri:0, instance:testcases.BookingManagement@39a054a5]" name="GuestInfo" duration-ms="24" started-at="2023-05-17T14:15:26Z" finished-at="2023-05-17T14:15:26Z">
          <reporter-output>
          </reporter-output>
        </test-method> <!-- GuestInfo -->
        <test-method status="PASS" signature="createBooking()[pri:0, instance:testcases.BookingManagement@39a054a5]" name="createBooking" duration-ms="1" started-at="2023-05-17T14:15:26Z" finished-at="2023-05-17T14:15:26Z">
          <reporter-output>
          </reporter-output>
        </test-method> <!-- createBooking -->
      </class> <!-- testcases.BookingManagement -->
      <class name="testcases.CustomerManagement">
        <test-method status="PASS" signature="checkMail(org.testng.ITestContext)[pri:0, instance:testcases.CustomerManagement@6ed3ef1]" name="checkMail" duration-ms="3" started-at="2023-05-17T14:15:26Z" finished-at="2023-05-17T14:15:26Z">
          <params>
            <param index="0">
              <value>
                <![CDATA[org.testng.TestRunner@6833ce2c]]>
              </value>
            </param>
          </params>
          <reporter-output>
          </reporter-output>
        </test-method> <!-- checkMail -->
        <test-method status="PASS" signature="checkMobile(org.testng.ITestContext)[pri:0, instance:testcases.CustomerManagement@6ed3ef1]" name="checkMobile" duration-ms="12" started-at="2023-05-17T14:15:26Z" finished-at="2023-05-17T14:15:26Z">
          <params>
            <param index="0">
              <value>
                <![CDATA[org.testng.TestRunner@6833ce2c]]>
              </value>
            </param>
          </params>
          <reporter-output>
          </reporter-output>
        </test-method> <!-- checkMobile -->
      </class> <!-- testcases.CustomerManagement -->
    </test> <!-- Create New Booking Test - pay@hotel -->
  </suite> <!-- Bookingsuite -->
</testng-results>
